  Database.cpp
C:\Users\sunwo\Desktop\aa\새거\iikh_2024\Interactive_Intelligent_Kitchen_Help\GroceryItem.h(1,1): warning C4819: 현재 코드 페이지(949)에서 표시할 수 없는 문자가 파일에 들어 있습니다. 데이터가 손실되지 않게 하려면 해당 파일을 유니코드 형식으로 저장하십시오.
  (소스 파일 'Database.cpp'을(를) 컴파일하는 중)
  
C:\Users\sunwo\Desktop\aa\새거\iikh_2024\Interactive_Intelligent_Kitchen_Help\GroceryList.h(1,1): warning C4819: 현재 코드 페이지(949)에서 표시할 수 없는 문자가 파일에 들어 있습니다. 데이터가 손실되지 않게 하려면 해당 파일을 유니코드 형식으로 저장하십시오.
  (소스 파일 'Database.cpp'을(를) 컴파일하는 중)
  
C:\Users\sunwo\Desktop\aa\새거\iikh_2024\Interactive_Intelligent_Kitchen_Help\Database.cpp(75,17): warning C4267: '초기화 중': 'size_t'에서 'int'(으)로 변환하면서 데이터가 손실될 수 있습니다.
C:\Users\sunwo\Desktop\aa\새거\iikh_2024\Interactive_Intelligent_Kitchen_Help\Database.cpp(76,45): warning C4267: '=': 'size_t'에서 'int'(으)로 변환하면서 데이터가 손실될 수 있습니다.
  Date.cpp
  Greeter.cpp
C:\Users\sunwo\Desktop\aa\새거\iikh_2024\Interactive_Intelligent_Kitchen_Help\Greeter.cpp(1,1): warning C4819: 현재 코드 페이지(949)에서 표시할 수 없는 문자가 파일에 들어 있습니다. 데이터가 손실되지 않게 하려면 해당 파일을 유니코드 형식으로 저장하십시오.
C:\Users\sunwo\Desktop\aa\새거\iikh_2024\Interactive_Intelligent_Kitchen_Help\GroceryList.h(1,1): warning C4819: 현재 코드 페이지(949)에서 표시할 수 없는 문자가 파일에 들어 있습니다. 데이터가 손실되지 않게 하려면 해당 파일을 유니코드 형식으로 저장하십시오.
  (소스 파일 'Greeter.cpp'을(를) 컴파일하는 중)
  
C:\Users\sunwo\Desktop\aa\새거\iikh_2024\Interactive_Intelligent_Kitchen_Help\GroceryItem.h(1,1): warning C4819: 현재 코드 페이지(949)에서 표시할 수 없는 문자가 파일에 들어 있습니다. 데이터가 손실되지 않게 하려면 해당 파일을 유니코드 형식으로 저장하십시오.
  (소스 파일 'Greeter.cpp'을(를) 컴파일하는 중)
  
C:\Users\sunwo\Desktop\aa\새거\iikh_2024\Interactive_Intelligent_Kitchen_Help\GroceryList.h(1,1): warning C4819: 현재 코드 페이지(949)에서 표시할 수 없는 문자가 파일에 들어 있습니다. 데이터가 손실되지 않게 하려면 해당 파일을 유니코드 형식으로 저장하십시오.
  (소스 파일 'Greeter.cpp'을(를) 컴파일하는 중)
  
C:\Users\sunwo\Desktop\aa\새거\iikh_2024\Interactive_Intelligent_Kitchen_Help\Meal_Manager.cpp(1,1): warning C4819: 현재 코드 페이지(949)에서 표시할 수 없는 문자가 파일에 들어 있습니다. 데이터가 손실되지 않게 하려면 해당 파일을 유니코드 형식으로 저장하십시오.
  (소스 파일 'Greeter.cpp'을(를) 컴파일하는 중)
  
  GroceryItem.cpp
C:\Users\sunwo\Desktop\aa\새거\iikh_2024\Interactive_Intelligent_Kitchen_Help\Meal_Manager.cpp(10,10): error C2065: 'Date': 선언되지 않은 식별자입니다.
  (소스 파일 'Greeter.cpp'을(를) 컴파일하는 중)
  
C:\Users\sunwo\Desktop\aa\새거\iikh_2024\Interactive_Intelligent_Kitchen_Help\Meal_Manager.cpp(10,16): error C2059: 구문 오류: '>'
  (소스 파일 'Greeter.cpp'을(를) 컴파일하는 중)
  
C:\Users\sunwo\Desktop\aa\새거\iikh_2024\Interactive_Intelligent_Kitchen_Help\Meal_Manager.cpp(12,14): error C2439: 'MealManager::dates': 멤버를 초기화할 수 없습니다.
  (소스 파일 'Greeter.cpp'을(를) 컴파일하는 중)
  C:\Users\sunwo\Desktop\aa\새거\iikh_2024\Interactive_Intelligent_Kitchen_Help\Meal_Manager.cpp(10,18):
  'MealManager::dates' 선언을 참조하십시오.
  
C:\Users\sunwo\Desktop\aa\새거\iikh_2024\Interactive_Intelligent_Kitchen_Help\Meal_Manager.cpp(72,37): error C2061: 구문 오류: 식별자 'Date'
  (소스 파일 'Greeter.cpp'을(를) 컴파일하는 중)
  
C:\Users\sunwo\Desktop\aa\새거\iikh_2024\Interactive_Intelligent_Kitchen_Help\Meal_Manager.cpp(111,17): error C2039: 'print': 'GroceryList'의 멤버가 아닙니다.
  (소스 파일 'Greeter.cpp'을(를) 컴파일하는 중)
  C:\Users\sunwo\Desktop\aa\새거\iikh_2024\Interactive_Intelligent_Kitchen_Help\Database.h(11,7):
  'GroceryList' 선언을 참조하십시오.
  
C:\Users\sunwo\Desktop\aa\새거\iikh_2024\Interactive_Intelligent_Kitchen_Help\Meal_Manager.cpp(1,1): warning C4819: 현재 코드 페이지(949)에서 표시할 수 없는 문자가 파일에 들어 있습니다. 데이터가 손실되지 않게 하려면 해당 파일을 유니코드 형식으로 저장하십시오.
  (소스 파일 'Greeter.cpp'을(를) 컴파일하는 중)
  
C:\Users\sunwo\Desktop\aa\새거\iikh_2024\Interactive_Intelligent_Kitchen_Help\Meal_Manager.cpp(7,19): error C2011: 'MealManager': 'class' 형식 재정의
  (소스 파일 'Greeter.cpp'을(를) 컴파일하는 중)
  C:\Users\sunwo\Desktop\aa\새거\iikh_2024\Interactive_Intelligent_Kitchen_Help\Meal_Manager.cpp(7,7):
  'MealManager' 선언을 참조하십시오.
  
C:\Users\sunwo\Desktop\aa\새거\iikh_2024\Interactive_Intelligent_Kitchen_Help\GroceryItem.cpp(1,1): warning C4819: 현재 코드 페이지(949)에서 표시할 수 없는 문자가 파일에 들어 있습니다. 데이터가 손실되지 않게 하려면 해당 파일을 유니코드 형식으로 저장하십시오.
C:\Users\sunwo\Desktop\aa\새거\iikh_2024\Interactive_Intelligent_Kitchen_Help\GroceryItem.h(1,1): warning C4819: 현재 코드 페이지(949)에서 표시할 수 없는 문자가 파일에 들어 있습니다. 데이터가 손실되지 않게 하려면 해당 파일을 유니코드 형식으로 저장하십시오.
  (소스 파일 'GroceryItem.cpp'을(를) 컴파일하는 중)
  
  GroceryList.cpp
C:\Users\sunwo\Desktop\aa\새거\iikh_2024\Interactive_Intelligent_Kitchen_Help\GroceryList.cpp(1,1): warning C4819: 현재 코드 페이지(949)에서 표시할 수 없는 문자가 파일에 들어 있습니다. 데이터가 손실되지 않게 하려면 해당 파일을 유니코드 형식으로 저장하십시오.
C:\Users\sunwo\Desktop\aa\새거\iikh_2024\Interactive_Intelligent_Kitchen_Help\GroceryList.h(1,1): warning C4819: 현재 코드 페이지(949)에서 표시할 수 없는 문자가 파일에 들어 있습니다. 데이터가 손실되지 않게 하려면 해당 파일을 유니코드 형식으로 저장하십시오.
  (소스 파일 'GroceryList.cpp'을(를) 컴파일하는 중)
  
C:\Users\sunwo\Desktop\aa\새거\iikh_2024\Interactive_Intelligent_Kitchen_Help\GroceryItem.h(1,1): warning C4819: 현재 코드 페이지(949)에서 표시할 수 없는 문자가 파일에 들어 있습니다. 데이터가 손실되지 않게 하려면 해당 파일을 유니코드 형식으로 저장하십시오.
  (소스 파일 'GroceryList.cpp'을(를) 컴파일하는 중)
  
C:\Users\sunwo\Desktop\aa\새거\iikh_2024\Interactive_Intelligent_Kitchen_Help\GroceryList.h(1,1): warning C4819: 현재 코드 페이지(949)에서 표시할 수 없는 문자가 파일에 들어 있습니다. 데이터가 손실되지 않게 하려면 해당 파일을 유니코드 형식으로 저장하십시오.
  (소스 파일 'GroceryList.cpp'을(를) 컴파일하는 중)
  
C:\Users\sunwo\Desktop\aa\새거\iikh_2024\Interactive_Intelligent_Kitchen_Help\GroceryList.cpp(212,45): warning C4101: 'e' :참조되지 않은 지역 변수입니다.
  main.cpp
C:\Users\sunwo\Desktop\aa\새거\iikh_2024\Interactive_Intelligent_Kitchen_Help\GroceryList.h(1,1): warning C4819: 현재 코드 페이지(949)에서 표시할 수 없는 문자가 파일에 들어 있습니다. 데이터가 손실되지 않게 하려면 해당 파일을 유니코드 형식으로 저장하십시오.
  (소스 파일 'main.cpp'을(를) 컴파일하는 중)
  
C:\Users\sunwo\Desktop\aa\새거\iikh_2024\Interactive_Intelligent_Kitchen_Help\GroceryItem.h(1,1): warning C4819: 현재 코드 페이지(949)에서 표시할 수 없는 문자가 파일에 들어 있습니다. 데이터가 손실되지 않게 하려면 해당 파일을 유니코드 형식으로 저장하십시오.
  (소스 파일 'main.cpp'을(를) 컴파일하는 중)
  
C:\Users\sunwo\Desktop\aa\새거\iikh_2024\Interactive_Intelligent_Kitchen_Help\GroceryList.h(1,1): warning C4819: 현재 코드 페이지(949)에서 표시할 수 없는 문자가 파일에 들어 있습니다. 데이터가 손실되지 않게 하려면 해당 파일을 유니코드 형식으로 저장하십시오.
  (소스 파일 'main.cpp'을(를) 컴파일하는 중)
  
C:\Users\sunwo\Desktop\aa\새거\iikh_2024\Interactive_Intelligent_Kitchen_Help\Meal_Manager.cpp(1,1): warning C4819: 현재 코드 페이지(949)에서 표시할 수 없는 문자가 파일에 들어 있습니다. 데이터가 손실되지 않게 하려면 해당 파일을 유니코드 형식으로 저장하십시오.
  (소스 파일 'main.cpp'을(를) 컴파일하는 중)
  
C:\Users\sunwo\Desktop\aa\새거\iikh_2024\Interactive_Intelligent_Kitchen_Help\Meal_Manager.cpp(10,10): error C2065: 'Date': 선언되지 않은 식별자입니다.
  (소스 파일 'main.cpp'을(를) 컴파일하는 중)
  
C:\Users\sunwo\Desktop\aa\새거\iikh_2024\Interactive_Intelligent_Kitchen_Help\Meal_Manager.cpp(10,16): error C2059: 구문 오류: '>'
  (소스 파일 'main.cpp'을(를) 컴파일하는 중)
  
C:\Users\sunwo\Desktop\aa\새거\iikh_2024\Interactive_Intelligent_Kitchen_Help\Meal_Manager.cpp(12,14): error C2439: 'MealManager::dates': 멤버를 초기화할 수 없습니다.
  (소스 파일 'main.cpp'을(를) 컴파일하는 중)
  C:\Users\sunwo\Desktop\aa\새거\iikh_2024\Interactive_Intelligent_Kitchen_Help\Meal_Manager.cpp(10,18):
  'MealManager::dates' 선언을 참조하십시오.
  
C:\Users\sunwo\Desktop\aa\새거\iikh_2024\Interactive_Intelligent_Kitchen_Help\Meal_Manager.cpp(72,37): error C2061: 구문 오류: 식별자 'Date'
  (소스 파일 'main.cpp'을(를) 컴파일하는 중)
  
C:\Users\sunwo\Desktop\aa\새거\iikh_2024\Interactive_Intelligent_Kitchen_Help\Meal_Manager.cpp(111,17): error C2039: 'print': 'GroceryList'의 멤버가 아닙니다.
  (소스 파일 'main.cpp'을(를) 컴파일하는 중)
  C:\Users\sunwo\Desktop\aa\새거\iikh_2024\Interactive_Intelligent_Kitchen_Help\Database.h(11,7):
  'GroceryList' 선언을 참조하십시오.
  
  Meal_Manager.cpp
C:\Users\sunwo\Desktop\aa\새거\iikh_2024\Interactive_Intelligent_Kitchen_Help\Meal_Manager.cpp(1,1): warning C4819: 현재 코드 페이지(949)에서 표시할 수 없는 문자가 파일에 들어 있습니다. 데이터가 손실되지 않게 하려면 해당 파일을 유니코드 형식으로 저장하십시오.
C:\Users\sunwo\Desktop\aa\새거\iikh_2024\Interactive_Intelligent_Kitchen_Help\Meal_Manager.cpp(10,10): error C2065: 'Date': 선언되지 않은 식별자입니다.
C:\Users\sunwo\Desktop\aa\새거\iikh_2024\Interactive_Intelligent_Kitchen_Help\Meal_Manager.cpp(10,16): error C2059: 구문 오류: '>'
C:\Users\sunwo\Desktop\aa\새거\iikh_2024\Interactive_Intelligent_Kitchen_Help\Meal_Manager.cpp(12,14): error C2439: 'MealManager::dates': 멤버를 초기화할 수 없습니다.
  C:\Users\sunwo\Desktop\aa\새거\iikh_2024\Interactive_Intelligent_Kitchen_Help\Meal_Manager.cpp(10,18):
  'MealManager::dates' 선언을 참조하십시오.
  
C:\Users\sunwo\Desktop\aa\새거\iikh_2024\Interactive_Intelligent_Kitchen_Help\Meal_Manager.cpp(72,37): error C2061: 구문 오류: 식별자 'Date'
C:\Users\sunwo\Desktop\aa\새거\iikh_2024\Interactive_Intelligent_Kitchen_Help\Meal_Manager.cpp(103,5): error C2065: 'GroceryList': 선언되지 않은 식별자입니다.
C:\Users\sunwo\Desktop\aa\새거\iikh_2024\Interactive_Intelligent_Kitchen_Help\Meal_Manager.cpp(103,17): error C2146: 구문 오류: ';'이(가) 'groceryList' 식별자 앞에 없습니다.
C:\Users\sunwo\Desktop\aa\새거\iikh_2024\Interactive_Intelligent_Kitchen_Help\Meal_Manager.cpp(103,17): error C2065: 'groceryList': 선언되지 않은 식별자입니다.
C:\Users\sunwo\Desktop\aa\새거\iikh_2024\Interactive_Intelligent_Kitchen_Help\Meal_Manager.cpp(107,38): error C2065: 'groceryList': 선언되지 않은 식별자입니다.
C:\Users\sunwo\Desktop\aa\새거\iikh_2024\Interactive_Intelligent_Kitchen_Help\Meal_Manager.cpp(111,5): error C2065: 'groceryList': 선언되지 않은 식별자입니다.
  recipe.cpp
C:\Users\sunwo\Desktop\aa\새거\iikh_2024\Interactive_Intelligent_Kitchen_Help\GroceryItem.h(1,1): warning C4819: 현재 코드 페이지(949)에서 표시할 수 없는 문자가 파일에 들어 있습니다. 데이터가 손실되지 않게 하려면 해당 파일을 유니코드 형식으로 저장하십시오.
  (소스 파일 'recipe.cpp'을(를) 컴파일하는 중)
  
C:\Users\sunwo\Desktop\aa\새거\iikh_2024\Interactive_Intelligent_Kitchen_Help\GroceryList.h(1,1): warning C4819: 현재 코드 페이지(949)에서 표시할 수 없는 문자가 파일에 들어 있습니다. 데이터가 손실되지 않게 하려면 해당 파일을 유니코드 형식으로 저장하십시오.
  (소스 파일 'recipe.cpp'을(를) 컴파일하는 중)
  
  코드를 생성하고 있습니다...
